<?xml version="1.0" encoding="UTF-8"?>
<!-- Generated by org.testng.reporters.JUnitReportReporter -->
<testsuite hostname="LAPTOP-9B7OC5OL" name="testNGFiles.CreidtApplication" tests="4" failures="0" timestamp="22 Aug 2016 21:16:51 GMT" time="0.016" errors="0">
  <testcase name="checkcredtAccount" time="0.007" classname="testNGFiles.CreidtApplication"/>
  <testcase name="noIssueCreditCard" time="0.003" classname="testNGFiles.CreidtApplication"/>
  <testcase name="checkCreditBalance" time="0.003" classname="testNGFiles.CreidtApplication"/>
  <testcase name="issueCreditCard" time="0.003" classname="testNGFiles.CreidtApplication"/>
</testsuite> <!-- testNGFiles.CreidtApplication -->
