<?xml version="1.0" encoding="UTF-8"?>
<!-- Generated by org.testng.reporters.JUnitReportReporter -->
<testsuite hostname="LAPTOP-9B7OC5OL" name="testNGFiles.NewTest" tests="1" failures="0" timestamp="22 Aug 2016 21:16:50 GMT" time="2.649" errors="0">
  <testcase name="login" time="2.649" classname="testNGFiles.NewTest"/>
</testsuite> <!-- testNGFiles.NewTest -->
