<?xml version="1.0" encoding="UTF-8"?>
<!-- Generated by org.testng.reporters.JUnitReportReporter -->
<testsuite hostname="LAPTOP-9B7OC5OL" name="testNGFiles.GoogleSearchWithDataProvider" tests="4" failures="0" timestamp="29 Sep 2016 04:57:57 GMT" time="0.000" errors="4">
  <testcase name="Searchgoogle" time="0.000" classname="testNGFiles.GoogleSearchWithDataProvider">
    <error type="org.openqa.selenium.WebDriverException" message="Failed to connect to binary FirefoxBinary(C:\Program Files (x86)\Mozilla Firefox\firefox.exe) on port 7055; process output follows: 
699	addons.xpi	DEBUG	Updating database with changes to installed add-ons
1475125031699	addons.xpi-utils	DEBUG	Updating add-on states
1475125031702	addons.xpi-utils	DEBUG	Writing add-ons list
1475125031717	addons.xpi	DEBUG	Registering manifest for C:\Program Files (x86)\Mozilla Firefox\browser\features\e10srollout@mozilla.org.xpi
1475125031719	addons.xpi	DEBUG	Calling bootstrap method startup on e10srollout@mozilla.org version 1.1
1475125031721	addons.xpi	DEBUG	Registering manifest for C:\Program Files (x86)\Mozilla Firefox\browser\features\firefox@getpocket.com.xpi
1475125031724	addons.xpi	DEBUG	Calling bootstrap method startup on firefox@getpocket.com version 1.0.4
1475125031726	addons.xpi	DEBUG	Registering manifest for C:\Program Files (x86)\Mozilla Firefox\browser\features\loop@mozilla.org.xpi
1475125031728	addons.xpi	DEBUG	Calling bootstrap method startup on loop@mozilla.org version 1.4.4
1475125031810	addons.manager	DEBUG	Registering shutdown blocker for XPIProvider
1475125031812	addons.manager	DEBUG	Provider finished startup: XPIProvider
1475125031812	addons.manager	DEBUG	Starting provider: LightweightThemeManager
1475125031812	addons.manager	DEBUG	Registering shutdown blocker for LightweightThemeManager
1475125031813	addons.manager	DEBUG	Provider finished startup: LightweightThemeManager
1475125031814	addons.manager	DEBUG	Starting provider: GMPProvider
1475125031839	addons.manager	DEBUG	Registering shutdown blocker for GMPProvider
1475125031840	addons.manager	DEBUG	Provider finished startup: GMPProvider
1475125031840	addons.manager	DEBUG	Starting provider: PluginProvider
1475125031840	addons.manager	DEBUG	Registering shutdown blocker for PluginProvider
1475125031842	addons.manager	DEBUG	Provider finished startup: PluginProvider
1475125031843	addons.manager	DEBUG	Completed startup sequence
1475125034322	addons.manager	DEBUG	Starting provider: &lt;unnamed-provider&gt;
1475125034323	addons.manager	DEBUG	Registering shutdown blocker for &lt;unnamed-provider&gt;
1475125034324	addons.manager	DEBUG	Provider finished startup: &lt;unnamed-provider&gt;
1475125034869	DeferredSave.extensions.json	DEBUG	Write succeeded
1475125034870	addons.xpi-utils	DEBUG	XPI Database saved, setting schema version preference to 17
1475125034870	DeferredSave.extensions.json	DEBUG	Starting timer
1475125034925	DeferredSave.extensions.json	DEBUG	Starting write
1475125034977	addons.repository	DEBUG	No addons.json found.
1475125034978	DeferredSave.addons.json	DEBUG	Save changes
1475125034981	DeferredSave.addons.json	DEBUG	Starting timer
1475125035103	addons.manager	DEBUG	Starting provider: PreviousExperimentProvider
1475125035103	addons.manager	DEBUG	Registering shutdown blocker for PreviousExperimentProvider
1475125035104	addons.manager	DEBUG	Provider finished startup: PreviousExperimentProvider
1475125035113	DeferredSave.addons.json	DEBUG	Starting write
1475125035123	DeferredSave.extensions.json	DEBUG	Write succeeded
1475125035178	DeferredSave.addons.json	DEBUG	Write succeeded
1475125045874	addons.xpi	DEBUG	Calling bootstrap method shutdown on e10srollout@mozilla.org version 1.1
1475125045876	addons.xpi	DEBUG	Calling bootstrap method shutdown on firefox@getpocket.com version 1.0.4
1475125045877	addons.xpi	DEBUG	Calling bootstrap method shutdown on loop@mozilla.org version 1.4.4
1475125046226	addons.manager	DEBUG	shutdown
1475125046227	addons.manager	DEBUG	Calling shutdown blocker for XPIProvider
1475125046227	addons.xpi	DEBUG	shutdown
1475125046227	addons.xpi-utils	DEBUG	shutdown
1475125046228	addons.manager	DEBUG	Calling shutdown blocker for LightweightThemeManager
1475125046229	addons.manager	DEBUG	Calling shutdown blocker for GMPProvider
1475125046231	addons.manager	DEBUG	Calling shutdown blocker for PluginProvider
1475125046233	addons.manager	DEBUG	Calling shutdown blocker for &lt;unnamed-provider&gt;
1475125046236	addons.manager	DEBUG	Calling shutdown blocker for PreviousExperimentProvider
1475125046240	addons.xpi	DEBUG	Notifying XPI shutdown observers
1475125046247	addons.manager	DEBUG	Async provider shutdown done

Build info: version: &#039;2.53.1&#039;, revision: &#039;a36b8b1&#039;, time: &#039;2016-06-30 17:37:03&#039;
System info: host: &#039;LAPTOP-9B7OC5OL&#039;, ip: &#039;192.168.1.138&#039;, os.name: &#039;Windows 10&#039;, os.arch: &#039;amd64&#039;, os.version: &#039;10.0&#039;, java.version: &#039;1.8.0_91&#039;
Driver info: driver.version: FirefoxDriver">
      <![CDATA[org.openqa.selenium.WebDriverException: Failed to connect to binary FirefoxBinary(C:\Program Files (x86)\Mozilla Firefox\firefox.exe) on port 7055; process output follows: 
699	addons.xpi	DEBUG	Updating database with changes to installed add-ons
1475125031699	addons.xpi-utils	DEBUG	Updating add-on states
1475125031702	addons.xpi-utils	DEBUG	Writing add-ons list
1475125031717	addons.xpi	DEBUG	Registering manifest for C:\Program Files (x86)\Mozilla Firefox\browser\features\e10srollout@mozilla.org.xpi
1475125031719	addons.xpi	DEBUG	Calling bootstrap method startup on e10srollout@mozilla.org version 1.1
1475125031721	addons.xpi	DEBUG	Registering manifest for C:\Program Files (x86)\Mozilla Firefox\browser\features\firefox@getpocket.com.xpi
1475125031724	addons.xpi	DEBUG	Calling bootstrap method startup on firefox@getpocket.com version 1.0.4
1475125031726	addons.xpi	DEBUG	Registering manifest for C:\Program Files (x86)\Mozilla Firefox\browser\features\loop@mozilla.org.xpi
1475125031728	addons.xpi	DEBUG	Calling bootstrap method startup on loop@mozilla.org version 1.4.4
1475125031810	addons.manager	DEBUG	Registering shutdown blocker for XPIProvider
1475125031812	addons.manager	DEBUG	Provider finished startup: XPIProvider
1475125031812	addons.manager	DEBUG	Starting provider: LightweightThemeManager
1475125031812	addons.manager	DEBUG	Registering shutdown blocker for LightweightThemeManager
1475125031813	addons.manager	DEBUG	Provider finished startup: LightweightThemeManager
1475125031814	addons.manager	DEBUG	Starting provider: GMPProvider
1475125031839	addons.manager	DEBUG	Registering shutdown blocker for GMPProvider
1475125031840	addons.manager	DEBUG	Provider finished startup: GMPProvider
1475125031840	addons.manager	DEBUG	Starting provider: PluginProvider
1475125031840	addons.manager	DEBUG	Registering shutdown blocker for PluginProvider
1475125031842	addons.manager	DEBUG	Provider finished startup: PluginProvider
1475125031843	addons.manager	DEBUG	Completed startup sequence
1475125034322	addons.manager	DEBUG	Starting provider: <unnamed-provider>
1475125034323	addons.manager	DEBUG	Registering shutdown blocker for <unnamed-provider>
1475125034324	addons.manager	DEBUG	Provider finished startup: <unnamed-provider>
1475125034869	DeferredSave.extensions.json	DEBUG	Write succeeded
1475125034870	addons.xpi-utils	DEBUG	XPI Database saved, setting schema version preference to 17
1475125034870	DeferredSave.extensions.json	DEBUG	Starting timer
1475125034925	DeferredSave.extensions.json	DEBUG	Starting write
1475125034977	addons.repository	DEBUG	No addons.json found.
1475125034978	DeferredSave.addons.json	DEBUG	Save changes
1475125034981	DeferredSave.addons.json	DEBUG	Starting timer
1475125035103	addons.manager	DEBUG	Starting provider: PreviousExperimentProvider
1475125035103	addons.manager	DEBUG	Registering shutdown blocker for PreviousExperimentProvider
1475125035104	addons.manager	DEBUG	Provider finished startup: PreviousExperimentProvider
1475125035113	DeferredSave.addons.json	DEBUG	Starting write
1475125035123	DeferredSave.extensions.json	DEBUG	Write succeeded
1475125035178	DeferredSave.addons.json	DEBUG	Write succeeded
1475125045874	addons.xpi	DEBUG	Calling bootstrap method shutdown on e10srollout@mozilla.org version 1.1
1475125045876	addons.xpi	DEBUG	Calling bootstrap method shutdown on firefox@getpocket.com version 1.0.4
1475125045877	addons.xpi	DEBUG	Calling bootstrap method shutdown on loop@mozilla.org version 1.4.4
1475125046226	addons.manager	DEBUG	shutdown
1475125046227	addons.manager	DEBUG	Calling shutdown blocker for XPIProvider
1475125046227	addons.xpi	DEBUG	shutdown
1475125046227	addons.xpi-utils	DEBUG	shutdown
1475125046228	addons.manager	DEBUG	Calling shutdown blocker for LightweightThemeManager
1475125046229	addons.manager	DEBUG	Calling shutdown blocker for GMPProvider
1475125046231	addons.manager	DEBUG	Calling shutdown blocker for PluginProvider
1475125046233	addons.manager	DEBUG	Calling shutdown blocker for <unnamed-provider>
1475125046236	addons.manager	DEBUG	Calling shutdown blocker for PreviousExperimentProvider
1475125046240	addons.xpi	DEBUG	Notifying XPI shutdown observers
1475125046247	addons.manager	DEBUG	Async provider shutdown done

Build info: version: '2.53.1', revision: 'a36b8b1', time: '2016-06-30 17:37:03'
System info: host: 'LAPTOP-9B7OC5OL', ip: '192.168.1.138', os.name: 'Windows 10', os.arch: 'amd64', os.version: '10.0', java.version: '1.8.0_91'
Driver info: driver.version: FirefoxDriver
	at org.openqa.selenium.firefox.internal.NewProfileExtensionConnection.start(NewProfileExtensionConnection.java:124)
	at org.openqa.selenium.firefox.FirefoxDriver.startClient(FirefoxDriver.java:271)
	at org.openqa.selenium.remote.RemoteWebDriver.<init>(RemoteWebDriver.java:119)
	at org.openqa.selenium.firefox.FirefoxDriver.<init>(FirefoxDriver.java:218)
	at org.openqa.selenium.firefox.FirefoxDriver.<init>(FirefoxDriver.java:211)
	at org.openqa.selenium.firefox.FirefoxDriver.<init>(FirefoxDriver.java:207)
	at org.openqa.selenium.firefox.FirefoxDriver.<init>(FirefoxDriver.java:120)
	at testNGFiles.GoogleSearchWithDataProvider.Setup(GoogleSearchWithDataProvider.java:20)
	at sun.reflect.NativeMethodAccessorImpl.invoke0(Native Method)
	at sun.reflect.NativeMethodAccessorImpl.invoke(Unknown Source)
	at sun.reflect.DelegatingMethodAccessorImpl.invoke(Unknown Source)
	at java.lang.reflect.Method.invoke(Unknown Source)
	at org.testng.internal.MethodInvocationHelper.invokeMethod(MethodInvocationHelper.java:86)
	at org.testng.internal.Invoker.invokeConfigurationMethod(Invoker.java:515)
	at org.testng.internal.Invoker.invokeConfigurations(Invoker.java:216)
	at org.testng.internal.Invoker.invokeConfigurations(Invoker.java:143)
	at org.testng.SuiteRunner.privateRun(SuiteRunner.java:305)
	at org.testng.SuiteRunner.run(SuiteRunner.java:268)
	at org.testng.SuiteRunnerWorker.runSuite(SuiteRunnerWorker.java:52)
	at org.testng.SuiteRunnerWorker.run(SuiteRunnerWorker.java:86)
	at org.testng.TestNG.runSuitesSequentially(TestNG.java:1225)
	at org.testng.TestNG.runSuitesLocally(TestNG.java:1150)
	at org.testng.TestNG.runSuites(TestNG.java:1075)
	at org.testng.TestNG.run(TestNG.java:1047)
	at org.testng.remote.AbstractRemoteTestNG.run(AbstractRemoteTestNG.java:126)
	at org.testng.remote.RemoteTestNG.initAndRun(RemoteTestNG.java:137)
	at org.testng.remote.RemoteTestNG.main(RemoteTestNG.java:58)
Caused by: org.openqa.selenium.firefox.NotConnectedException: Unable to connect to host 127.0.0.1 on port 7055 after 45000 ms. Firefox console output:
699	addons.xpi	DEBUG	Updating database with changes to installed add-ons
1475125031699	addons.xpi-utils	DEBUG	Updating add-on states
1475125031702	addons.xpi-utils	DEBUG	Writing add-ons list
1475125031717	addons.xpi	DEBUG	Registering manifest for C:\Program Files (x86)\Mozilla Firefox\browser\features\e10srollout@mozilla.org.xpi
1475125031719	addons.xpi	DEBUG	Calling bootstrap method startup on e10srollout@mozilla.org version 1.1
1475125031721	addons.xpi	DEBUG	Registering manifest for C:\Program Files (x86)\Mozilla Firefox\browser\features\firefox@getpocket.com.xpi
1475125031724	addons.xpi	DEBUG	Calling bootstrap method startup on firefox@getpocket.com version 1.0.4
1475125031726	addons.xpi	DEBUG	Registering manifest for C:\Program Files (x86)\Mozilla Firefox\browser\features\loop@mozilla.org.xpi
1475125031728	addons.xpi	DEBUG	Calling bootstrap method startup on loop@mozilla.org version 1.4.4
1475125031810	addons.manager	DEBUG	Registering shutdown blocker for XPIProvider
1475125031812	addons.manager	DEBUG	Provider finished startup: XPIProvider
1475125031812	addons.manager	DEBUG	Starting provider: LightweightThemeManager
1475125031812	addons.manager	DEBUG	Registering shutdown blocker for LightweightThemeManager
1475125031813	addons.manager	DEBUG	Provider finished startup: LightweightThemeManager
1475125031814	addons.manager	DEBUG	Starting provider: GMPProvider
1475125031839	addons.manager	DEBUG	Registering shutdown blocker for GMPProvider
1475125031840	addons.manager	DEBUG	Provider finished startup: GMPProvider
1475125031840	addons.manager	DEBUG	Starting provider: PluginProvider
1475125031840	addons.manager	DEBUG	Registering shutdown blocker for PluginProvider
1475125031842	addons.manager	DEBUG	Provider finished startup: PluginProvider
1475125031843	addons.manager	DEBUG	Completed startup sequence
1475125034322	addons.manager	DEBUG	Starting provider: <unnamed-provider>
1475125034323	addons.manager	DEBUG	Registering shutdown blocker for <unnamed-provider>
1475125034324	addons.manager	DEBUG	Provider finished startup: <unnamed-provider>
1475125034869	DeferredSave.extensions.json	DEBUG	Write succeeded
1475125034870	addons.xpi-utils	DEBUG	XPI Database saved, setting schema version preference to 17
1475125034870	DeferredSave.extensions.json	DEBUG	Starting timer
1475125034925	DeferredSave.extensions.json	DEBUG	Starting write
1475125034977	addons.repository	DEBUG	No addons.json found.
1475125034978	DeferredSave.addons.json	DEBUG	Save changes
1475125034981	DeferredSave.addons.json	DEBUG	Starting timer
1475125035103	addons.manager	DEBUG	Starting provider: PreviousExperimentProvider
1475125035103	addons.manager	DEBUG	Registering shutdown blocker for PreviousExperimentProvider
1475125035104	addons.manager	DEBUG	Provider finished startup: PreviousExperimentProvider
1475125035113	DeferredSave.addons.json	DEBUG	Starting write
1475125035123	DeferredSave.extensions.json	DEBUG	Write succeeded
1475125035178	DeferredSave.addons.json	DEBUG	Write succeeded
1475125045874	addons.xpi	DEBUG	Calling bootstrap method shutdown on e10srollout@mozilla.org version 1.1
1475125045876	addons.xpi	DEBUG	Calling bootstrap method shutdown on firefox@getpocket.com version 1.0.4
1475125045877	addons.xpi	DEBUG	Calling bootstrap method shutdown on loop@mozilla.org version 1.4.4
1475125046226	addons.manager	DEBUG	shutdown
1475125046227	addons.manager	DEBUG	Calling shutdown blocker for XPIProvider
1475125046227	addons.xpi	DEBUG	shutdown
1475125046227	addons.xpi-utils	DEBUG	shutdown
1475125046228	addons.manager	DEBUG	Calling shutdown blocker for LightweightThemeManager
1475125046229	addons.manager	DEBUG	Calling shutdown blocker for GMPProvider
1475125046231	addons.manager	DEBUG	Calling shutdown blocker for PluginProvider
1475125046233	addons.manager	DEBUG	Calling shutdown blocker for <unnamed-provider>
1475125046236	addons.manager	DEBUG	Calling shutdown blocker for PreviousExperimentProvider
1475125046240	addons.xpi	DEBUG	Notifying XPI shutdown observers
1475125046247	addons.manager	DEBUG	Async provider shutdown done

	at org.openqa.selenium.firefox.internal.NewProfileExtensionConnection.start(NewProfileExtensionConnection.java:112)
	... 26 more
]]>
    </error>
  </testcase> <!-- Searchgoogle -->
  <testcase name="Searchgoogle" time="0.000" classname="testNGFiles.GoogleSearchWithDataProvider">
    <error type="org.openqa.selenium.WebDriverException" message="Failed to connect to binary FirefoxBinary(C:\Program Files (x86)\Mozilla Firefox\firefox.exe) on port 7055; process output follows: 
699	addons.xpi	DEBUG	Updating database with changes to installed add-ons
1475125031699	addons.xpi-utils	DEBUG	Updating add-on states
1475125031702	addons.xpi-utils	DEBUG	Writing add-ons list
1475125031717	addons.xpi	DEBUG	Registering manifest for C:\Program Files (x86)\Mozilla Firefox\browser\features\e10srollout@mozilla.org.xpi
1475125031719	addons.xpi	DEBUG	Calling bootstrap method startup on e10srollout@mozilla.org version 1.1
1475125031721	addons.xpi	DEBUG	Registering manifest for C:\Program Files (x86)\Mozilla Firefox\browser\features\firefox@getpocket.com.xpi
1475125031724	addons.xpi	DEBUG	Calling bootstrap method startup on firefox@getpocket.com version 1.0.4
1475125031726	addons.xpi	DEBUG	Registering manifest for C:\Program Files (x86)\Mozilla Firefox\browser\features\loop@mozilla.org.xpi
1475125031728	addons.xpi	DEBUG	Calling bootstrap method startup on loop@mozilla.org version 1.4.4
1475125031810	addons.manager	DEBUG	Registering shutdown blocker for XPIProvider
1475125031812	addons.manager	DEBUG	Provider finished startup: XPIProvider
1475125031812	addons.manager	DEBUG	Starting provider: LightweightThemeManager
1475125031812	addons.manager	DEBUG	Registering shutdown blocker for LightweightThemeManager
1475125031813	addons.manager	DEBUG	Provider finished startup: LightweightThemeManager
1475125031814	addons.manager	DEBUG	Starting provider: GMPProvider
1475125031839	addons.manager	DEBUG	Registering shutdown blocker for GMPProvider
1475125031840	addons.manager	DEBUG	Provider finished startup: GMPProvider
1475125031840	addons.manager	DEBUG	Starting provider: PluginProvider
1475125031840	addons.manager	DEBUG	Registering shutdown blocker for PluginProvider
1475125031842	addons.manager	DEBUG	Provider finished startup: PluginProvider
1475125031843	addons.manager	DEBUG	Completed startup sequence
1475125034322	addons.manager	DEBUG	Starting provider: &lt;unnamed-provider&gt;
1475125034323	addons.manager	DEBUG	Registering shutdown blocker for &lt;unnamed-provider&gt;
1475125034324	addons.manager	DEBUG	Provider finished startup: &lt;unnamed-provider&gt;
1475125034869	DeferredSave.extensions.json	DEBUG	Write succeeded
1475125034870	addons.xpi-utils	DEBUG	XPI Database saved, setting schema version preference to 17
1475125034870	DeferredSave.extensions.json	DEBUG	Starting timer
1475125034925	DeferredSave.extensions.json	DEBUG	Starting write
1475125034977	addons.repository	DEBUG	No addons.json found.
1475125034978	DeferredSave.addons.json	DEBUG	Save changes
1475125034981	DeferredSave.addons.json	DEBUG	Starting timer
1475125035103	addons.manager	DEBUG	Starting provider: PreviousExperimentProvider
1475125035103	addons.manager	DEBUG	Registering shutdown blocker for PreviousExperimentProvider
1475125035104	addons.manager	DEBUG	Provider finished startup: PreviousExperimentProvider
1475125035113	DeferredSave.addons.json	DEBUG	Starting write
1475125035123	DeferredSave.extensions.json	DEBUG	Write succeeded
1475125035178	DeferredSave.addons.json	DEBUG	Write succeeded
1475125045874	addons.xpi	DEBUG	Calling bootstrap method shutdown on e10srollout@mozilla.org version 1.1
1475125045876	addons.xpi	DEBUG	Calling bootstrap method shutdown on firefox@getpocket.com version 1.0.4
1475125045877	addons.xpi	DEBUG	Calling bootstrap method shutdown on loop@mozilla.org version 1.4.4
1475125046226	addons.manager	DEBUG	shutdown
1475125046227	addons.manager	DEBUG	Calling shutdown blocker for XPIProvider
1475125046227	addons.xpi	DEBUG	shutdown
1475125046227	addons.xpi-utils	DEBUG	shutdown
1475125046228	addons.manager	DEBUG	Calling shutdown blocker for LightweightThemeManager
1475125046229	addons.manager	DEBUG	Calling shutdown blocker for GMPProvider
1475125046231	addons.manager	DEBUG	Calling shutdown blocker for PluginProvider
1475125046233	addons.manager	DEBUG	Calling shutdown blocker for &lt;unnamed-provider&gt;
1475125046236	addons.manager	DEBUG	Calling shutdown blocker for PreviousExperimentProvider
1475125046240	addons.xpi	DEBUG	Notifying XPI shutdown observers
1475125046247	addons.manager	DEBUG	Async provider shutdown done

Build info: version: &#039;2.53.1&#039;, revision: &#039;a36b8b1&#039;, time: &#039;2016-06-30 17:37:03&#039;
System info: host: &#039;LAPTOP-9B7OC5OL&#039;, ip: &#039;192.168.1.138&#039;, os.name: &#039;Windows 10&#039;, os.arch: &#039;amd64&#039;, os.version: &#039;10.0&#039;, java.version: &#039;1.8.0_91&#039;
Driver info: driver.version: FirefoxDriver">
      <![CDATA[org.openqa.selenium.WebDriverException: Failed to connect to binary FirefoxBinary(C:\Program Files (x86)\Mozilla Firefox\firefox.exe) on port 7055; process output follows: 
699	addons.xpi	DEBUG	Updating database with changes to installed add-ons
1475125031699	addons.xpi-utils	DEBUG	Updating add-on states
1475125031702	addons.xpi-utils	DEBUG	Writing add-ons list
1475125031717	addons.xpi	DEBUG	Registering manifest for C:\Program Files (x86)\Mozilla Firefox\browser\features\e10srollout@mozilla.org.xpi
1475125031719	addons.xpi	DEBUG	Calling bootstrap method startup on e10srollout@mozilla.org version 1.1
1475125031721	addons.xpi	DEBUG	Registering manifest for C:\Program Files (x86)\Mozilla Firefox\browser\features\firefox@getpocket.com.xpi
1475125031724	addons.xpi	DEBUG	Calling bootstrap method startup on firefox@getpocket.com version 1.0.4
1475125031726	addons.xpi	DEBUG	Registering manifest for C:\Program Files (x86)\Mozilla Firefox\browser\features\loop@mozilla.org.xpi
1475125031728	addons.xpi	DEBUG	Calling bootstrap method startup on loop@mozilla.org version 1.4.4
1475125031810	addons.manager	DEBUG	Registering shutdown blocker for XPIProvider
1475125031812	addons.manager	DEBUG	Provider finished startup: XPIProvider
1475125031812	addons.manager	DEBUG	Starting provider: LightweightThemeManager
1475125031812	addons.manager	DEBUG	Registering shutdown blocker for LightweightThemeManager
1475125031813	addons.manager	DEBUG	Provider finished startup: LightweightThemeManager
1475125031814	addons.manager	DEBUG	Starting provider: GMPProvider
1475125031839	addons.manager	DEBUG	Registering shutdown blocker for GMPProvider
1475125031840	addons.manager	DEBUG	Provider finished startup: GMPProvider
1475125031840	addons.manager	DEBUG	Starting provider: PluginProvider
1475125031840	addons.manager	DEBUG	Registering shutdown blocker for PluginProvider
1475125031842	addons.manager	DEBUG	Provider finished startup: PluginProvider
1475125031843	addons.manager	DEBUG	Completed startup sequence
1475125034322	addons.manager	DEBUG	Starting provider: <unnamed-provider>
1475125034323	addons.manager	DEBUG	Registering shutdown blocker for <unnamed-provider>
1475125034324	addons.manager	DEBUG	Provider finished startup: <unnamed-provider>
1475125034869	DeferredSave.extensions.json	DEBUG	Write succeeded
1475125034870	addons.xpi-utils	DEBUG	XPI Database saved, setting schema version preference to 17
1475125034870	DeferredSave.extensions.json	DEBUG	Starting timer
1475125034925	DeferredSave.extensions.json	DEBUG	Starting write
1475125034977	addons.repository	DEBUG	No addons.json found.
1475125034978	DeferredSave.addons.json	DEBUG	Save changes
1475125034981	DeferredSave.addons.json	DEBUG	Starting timer
1475125035103	addons.manager	DEBUG	Starting provider: PreviousExperimentProvider
1475125035103	addons.manager	DEBUG	Registering shutdown blocker for PreviousExperimentProvider
1475125035104	addons.manager	DEBUG	Provider finished startup: PreviousExperimentProvider
1475125035113	DeferredSave.addons.json	DEBUG	Starting write
1475125035123	DeferredSave.extensions.json	DEBUG	Write succeeded
1475125035178	DeferredSave.addons.json	DEBUG	Write succeeded
1475125045874	addons.xpi	DEBUG	Calling bootstrap method shutdown on e10srollout@mozilla.org version 1.1
1475125045876	addons.xpi	DEBUG	Calling bootstrap method shutdown on firefox@getpocket.com version 1.0.4
1475125045877	addons.xpi	DEBUG	Calling bootstrap method shutdown on loop@mozilla.org version 1.4.4
1475125046226	addons.manager	DEBUG	shutdown
1475125046227	addons.manager	DEBUG	Calling shutdown blocker for XPIProvider
1475125046227	addons.xpi	DEBUG	shutdown
1475125046227	addons.xpi-utils	DEBUG	shutdown
1475125046228	addons.manager	DEBUG	Calling shutdown blocker for LightweightThemeManager
1475125046229	addons.manager	DEBUG	Calling shutdown blocker for GMPProvider
1475125046231	addons.manager	DEBUG	Calling shutdown blocker for PluginProvider
1475125046233	addons.manager	DEBUG	Calling shutdown blocker for <unnamed-provider>
1475125046236	addons.manager	DEBUG	Calling shutdown blocker for PreviousExperimentProvider
1475125046240	addons.xpi	DEBUG	Notifying XPI shutdown observers
1475125046247	addons.manager	DEBUG	Async provider shutdown done

Build info: version: '2.53.1', revision: 'a36b8b1', time: '2016-06-30 17:37:03'
System info: host: 'LAPTOP-9B7OC5OL', ip: '192.168.1.138', os.name: 'Windows 10', os.arch: 'amd64', os.version: '10.0', java.version: '1.8.0_91'
Driver info: driver.version: FirefoxDriver
	at org.openqa.selenium.firefox.internal.NewProfileExtensionConnection.start(NewProfileExtensionConnection.java:124)
	at org.openqa.selenium.firefox.FirefoxDriver.startClient(FirefoxDriver.java:271)
	at org.openqa.selenium.remote.RemoteWebDriver.<init>(RemoteWebDriver.java:119)
	at org.openqa.selenium.firefox.FirefoxDriver.<init>(FirefoxDriver.java:218)
	at org.openqa.selenium.firefox.FirefoxDriver.<init>(FirefoxDriver.java:211)
	at org.openqa.selenium.firefox.FirefoxDriver.<init>(FirefoxDriver.java:207)
	at org.openqa.selenium.firefox.FirefoxDriver.<init>(FirefoxDriver.java:120)
	at testNGFiles.GoogleSearchWithDataProvider.Setup(GoogleSearchWithDataProvider.java:20)
	at sun.reflect.NativeMethodAccessorImpl.invoke0(Native Method)
	at sun.reflect.NativeMethodAccessorImpl.invoke(Unknown Source)
	at sun.reflect.DelegatingMethodAccessorImpl.invoke(Unknown Source)
	at java.lang.reflect.Method.invoke(Unknown Source)
	at org.testng.internal.MethodInvocationHelper.invokeMethod(MethodInvocationHelper.java:86)
	at org.testng.internal.Invoker.invokeConfigurationMethod(Invoker.java:515)
	at org.testng.internal.Invoker.invokeConfigurations(Invoker.java:216)
	at org.testng.internal.Invoker.invokeConfigurations(Invoker.java:143)
	at org.testng.SuiteRunner.privateRun(SuiteRunner.java:305)
	at org.testng.SuiteRunner.run(SuiteRunner.java:268)
	at org.testng.SuiteRunnerWorker.runSuite(SuiteRunnerWorker.java:52)
	at org.testng.SuiteRunnerWorker.run(SuiteRunnerWorker.java:86)
	at org.testng.TestNG.runSuitesSequentially(TestNG.java:1225)
	at org.testng.TestNG.runSuitesLocally(TestNG.java:1150)
	at org.testng.TestNG.runSuites(TestNG.java:1075)
	at org.testng.TestNG.run(TestNG.java:1047)
	at org.testng.remote.AbstractRemoteTestNG.run(AbstractRemoteTestNG.java:126)
	at org.testng.remote.RemoteTestNG.initAndRun(RemoteTestNG.java:137)
	at org.testng.remote.RemoteTestNG.main(RemoteTestNG.java:58)
Caused by: org.openqa.selenium.firefox.NotConnectedException: Unable to connect to host 127.0.0.1 on port 7055 after 45000 ms. Firefox console output:
699	addons.xpi	DEBUG	Updating database with changes to installed add-ons
1475125031699	addons.xpi-utils	DEBUG	Updating add-on states
1475125031702	addons.xpi-utils	DEBUG	Writing add-ons list
1475125031717	addons.xpi	DEBUG	Registering manifest for C:\Program Files (x86)\Mozilla Firefox\browser\features\e10srollout@mozilla.org.xpi
1475125031719	addons.xpi	DEBUG	Calling bootstrap method startup on e10srollout@mozilla.org version 1.1
1475125031721	addons.xpi	DEBUG	Registering manifest for C:\Program Files (x86)\Mozilla Firefox\browser\features\firefox@getpocket.com.xpi
1475125031724	addons.xpi	DEBUG	Calling bootstrap method startup on firefox@getpocket.com version 1.0.4
1475125031726	addons.xpi	DEBUG	Registering manifest for C:\Program Files (x86)\Mozilla Firefox\browser\features\loop@mozilla.org.xpi
1475125031728	addons.xpi	DEBUG	Calling bootstrap method startup on loop@mozilla.org version 1.4.4
1475125031810	addons.manager	DEBUG	Registering shutdown blocker for XPIProvider
1475125031812	addons.manager	DEBUG	Provider finished startup: XPIProvider
1475125031812	addons.manager	DEBUG	Starting provider: LightweightThemeManager
1475125031812	addons.manager	DEBUG	Registering shutdown blocker for LightweightThemeManager
1475125031813	addons.manager	DEBUG	Provider finished startup: LightweightThemeManager
1475125031814	addons.manager	DEBUG	Starting provider: GMPProvider
1475125031839	addons.manager	DEBUG	Registering shutdown blocker for GMPProvider
1475125031840	addons.manager	DEBUG	Provider finished startup: GMPProvider
1475125031840	addons.manager	DEBUG	Starting provider: PluginProvider
1475125031840	addons.manager	DEBUG	Registering shutdown blocker for PluginProvider
1475125031842	addons.manager	DEBUG	Provider finished startup: PluginProvider
1475125031843	addons.manager	DEBUG	Completed startup sequence
1475125034322	addons.manager	DEBUG	Starting provider: <unnamed-provider>
1475125034323	addons.manager	DEBUG	Registering shutdown blocker for <unnamed-provider>
1475125034324	addons.manager	DEBUG	Provider finished startup: <unnamed-provider>
1475125034869	DeferredSave.extensions.json	DEBUG	Write succeeded
1475125034870	addons.xpi-utils	DEBUG	XPI Database saved, setting schema version preference to 17
1475125034870	DeferredSave.extensions.json	DEBUG	Starting timer
1475125034925	DeferredSave.extensions.json	DEBUG	Starting write
1475125034977	addons.repository	DEBUG	No addons.json found.
1475125034978	DeferredSave.addons.json	DEBUG	Save changes
1475125034981	DeferredSave.addons.json	DEBUG	Starting timer
1475125035103	addons.manager	DEBUG	Starting provider: PreviousExperimentProvider
1475125035103	addons.manager	DEBUG	Registering shutdown blocker for PreviousExperimentProvider
1475125035104	addons.manager	DEBUG	Provider finished startup: PreviousExperimentProvider
1475125035113	DeferredSave.addons.json	DEBUG	Starting write
1475125035123	DeferredSave.extensions.json	DEBUG	Write succeeded
1475125035178	DeferredSave.addons.json	DEBUG	Write succeeded
1475125045874	addons.xpi	DEBUG	Calling bootstrap method shutdown on e10srollout@mozilla.org version 1.1
1475125045876	addons.xpi	DEBUG	Calling bootstrap method shutdown on firefox@getpocket.com version 1.0.4
1475125045877	addons.xpi	DEBUG	Calling bootstrap method shutdown on loop@mozilla.org version 1.4.4
1475125046226	addons.manager	DEBUG	shutdown
1475125046227	addons.manager	DEBUG	Calling shutdown blocker for XPIProvider
1475125046227	addons.xpi	DEBUG	shutdown
1475125046227	addons.xpi-utils	DEBUG	shutdown
1475125046228	addons.manager	DEBUG	Calling shutdown blocker for LightweightThemeManager
1475125046229	addons.manager	DEBUG	Calling shutdown blocker for GMPProvider
1475125046231	addons.manager	DEBUG	Calling shutdown blocker for PluginProvider
1475125046233	addons.manager	DEBUG	Calling shutdown blocker for <unnamed-provider>
1475125046236	addons.manager	DEBUG	Calling shutdown blocker for PreviousExperimentProvider
1475125046240	addons.xpi	DEBUG	Notifying XPI shutdown observers
1475125046247	addons.manager	DEBUG	Async provider shutdown done

	at org.openqa.selenium.firefox.internal.NewProfileExtensionConnection.start(NewProfileExtensionConnection.java:112)
	... 26 more
]]>
    </error>
  </testcase> <!-- Searchgoogle -->
  <testcase name="Searchgoogle" time="0.000" classname="testNGFiles.GoogleSearchWithDataProvider">
    <error type="org.openqa.selenium.WebDriverException" message="Failed to connect to binary FirefoxBinary(C:\Program Files (x86)\Mozilla Firefox\firefox.exe) on port 7055; process output follows: 
699	addons.xpi	DEBUG	Updating database with changes to installed add-ons
1475125031699	addons.xpi-utils	DEBUG	Updating add-on states
1475125031702	addons.xpi-utils	DEBUG	Writing add-ons list
1475125031717	addons.xpi	DEBUG	Registering manifest for C:\Program Files (x86)\Mozilla Firefox\browser\features\e10srollout@mozilla.org.xpi
1475125031719	addons.xpi	DEBUG	Calling bootstrap method startup on e10srollout@mozilla.org version 1.1
1475125031721	addons.xpi	DEBUG	Registering manifest for C:\Program Files (x86)\Mozilla Firefox\browser\features\firefox@getpocket.com.xpi
1475125031724	addons.xpi	DEBUG	Calling bootstrap method startup on firefox@getpocket.com version 1.0.4
1475125031726	addons.xpi	DEBUG	Registering manifest for C:\Program Files (x86)\Mozilla Firefox\browser\features\loop@mozilla.org.xpi
1475125031728	addons.xpi	DEBUG	Calling bootstrap method startup on loop@mozilla.org version 1.4.4
1475125031810	addons.manager	DEBUG	Registering shutdown blocker for XPIProvider
1475125031812	addons.manager	DEBUG	Provider finished startup: XPIProvider
1475125031812	addons.manager	DEBUG	Starting provider: LightweightThemeManager
1475125031812	addons.manager	DEBUG	Registering shutdown blocker for LightweightThemeManager
1475125031813	addons.manager	DEBUG	Provider finished startup: LightweightThemeManager
1475125031814	addons.manager	DEBUG	Starting provider: GMPProvider
1475125031839	addons.manager	DEBUG	Registering shutdown blocker for GMPProvider
1475125031840	addons.manager	DEBUG	Provider finished startup: GMPProvider
1475125031840	addons.manager	DEBUG	Starting provider: PluginProvider
1475125031840	addons.manager	DEBUG	Registering shutdown blocker for PluginProvider
1475125031842	addons.manager	DEBUG	Provider finished startup: PluginProvider
1475125031843	addons.manager	DEBUG	Completed startup sequence
1475125034322	addons.manager	DEBUG	Starting provider: &lt;unnamed-provider&gt;
1475125034323	addons.manager	DEBUG	Registering shutdown blocker for &lt;unnamed-provider&gt;
1475125034324	addons.manager	DEBUG	Provider finished startup: &lt;unnamed-provider&gt;
1475125034869	DeferredSave.extensions.json	DEBUG	Write succeeded
1475125034870	addons.xpi-utils	DEBUG	XPI Database saved, setting schema version preference to 17
1475125034870	DeferredSave.extensions.json	DEBUG	Starting timer
1475125034925	DeferredSave.extensions.json	DEBUG	Starting write
1475125034977	addons.repository	DEBUG	No addons.json found.
1475125034978	DeferredSave.addons.json	DEBUG	Save changes
1475125034981	DeferredSave.addons.json	DEBUG	Starting timer
1475125035103	addons.manager	DEBUG	Starting provider: PreviousExperimentProvider
1475125035103	addons.manager	DEBUG	Registering shutdown blocker for PreviousExperimentProvider
1475125035104	addons.manager	DEBUG	Provider finished startup: PreviousExperimentProvider
1475125035113	DeferredSave.addons.json	DEBUG	Starting write
1475125035123	DeferredSave.extensions.json	DEBUG	Write succeeded
1475125035178	DeferredSave.addons.json	DEBUG	Write succeeded
1475125045874	addons.xpi	DEBUG	Calling bootstrap method shutdown on e10srollout@mozilla.org version 1.1
1475125045876	addons.xpi	DEBUG	Calling bootstrap method shutdown on firefox@getpocket.com version 1.0.4
1475125045877	addons.xpi	DEBUG	Calling bootstrap method shutdown on loop@mozilla.org version 1.4.4
1475125046226	addons.manager	DEBUG	shutdown
1475125046227	addons.manager	DEBUG	Calling shutdown blocker for XPIProvider
1475125046227	addons.xpi	DEBUG	shutdown
1475125046227	addons.xpi-utils	DEBUG	shutdown
1475125046228	addons.manager	DEBUG	Calling shutdown blocker for LightweightThemeManager
1475125046229	addons.manager	DEBUG	Calling shutdown blocker for GMPProvider
1475125046231	addons.manager	DEBUG	Calling shutdown blocker for PluginProvider
1475125046233	addons.manager	DEBUG	Calling shutdown blocker for &lt;unnamed-provider&gt;
1475125046236	addons.manager	DEBUG	Calling shutdown blocker for PreviousExperimentProvider
1475125046240	addons.xpi	DEBUG	Notifying XPI shutdown observers
1475125046247	addons.manager	DEBUG	Async provider shutdown done

Build info: version: &#039;2.53.1&#039;, revision: &#039;a36b8b1&#039;, time: &#039;2016-06-30 17:37:03&#039;
System info: host: &#039;LAPTOP-9B7OC5OL&#039;, ip: &#039;192.168.1.138&#039;, os.name: &#039;Windows 10&#039;, os.arch: &#039;amd64&#039;, os.version: &#039;10.0&#039;, java.version: &#039;1.8.0_91&#039;
Driver info: driver.version: FirefoxDriver">
      <![CDATA[org.openqa.selenium.WebDriverException: Failed to connect to binary FirefoxBinary(C:\Program Files (x86)\Mozilla Firefox\firefox.exe) on port 7055; process output follows: 
699	addons.xpi	DEBUG	Updating database with changes to installed add-ons
1475125031699	addons.xpi-utils	DEBUG	Updating add-on states
1475125031702	addons.xpi-utils	DEBUG	Writing add-ons list
1475125031717	addons.xpi	DEBUG	Registering manifest for C:\Program Files (x86)\Mozilla Firefox\browser\features\e10srollout@mozilla.org.xpi
1475125031719	addons.xpi	DEBUG	Calling bootstrap method startup on e10srollout@mozilla.org version 1.1
1475125031721	addons.xpi	DEBUG	Registering manifest for C:\Program Files (x86)\Mozilla Firefox\browser\features\firefox@getpocket.com.xpi
1475125031724	addons.xpi	DEBUG	Calling bootstrap method startup on firefox@getpocket.com version 1.0.4
1475125031726	addons.xpi	DEBUG	Registering manifest for C:\Program Files (x86)\Mozilla Firefox\browser\features\loop@mozilla.org.xpi
1475125031728	addons.xpi	DEBUG	Calling bootstrap method startup on loop@mozilla.org version 1.4.4
1475125031810	addons.manager	DEBUG	Registering shutdown blocker for XPIProvider
1475125031812	addons.manager	DEBUG	Provider finished startup: XPIProvider
1475125031812	addons.manager	DEBUG	Starting provider: LightweightThemeManager
1475125031812	addons.manager	DEBUG	Registering shutdown blocker for LightweightThemeManager
1475125031813	addons.manager	DEBUG	Provider finished startup: LightweightThemeManager
1475125031814	addons.manager	DEBUG	Starting provider: GMPProvider
1475125031839	addons.manager	DEBUG	Registering shutdown blocker for GMPProvider
1475125031840	addons.manager	DEBUG	Provider finished startup: GMPProvider
1475125031840	addons.manager	DEBUG	Starting provider: PluginProvider
1475125031840	addons.manager	DEBUG	Registering shutdown blocker for PluginProvider
1475125031842	addons.manager	DEBUG	Provider finished startup: PluginProvider
1475125031843	addons.manager	DEBUG	Completed startup sequence
1475125034322	addons.manager	DEBUG	Starting provider: <unnamed-provider>
1475125034323	addons.manager	DEBUG	Registering shutdown blocker for <unnamed-provider>
1475125034324	addons.manager	DEBUG	Provider finished startup: <unnamed-provider>
1475125034869	DeferredSave.extensions.json	DEBUG	Write succeeded
1475125034870	addons.xpi-utils	DEBUG	XPI Database saved, setting schema version preference to 17
1475125034870	DeferredSave.extensions.json	DEBUG	Starting timer
1475125034925	DeferredSave.extensions.json	DEBUG	Starting write
1475125034977	addons.repository	DEBUG	No addons.json found.
1475125034978	DeferredSave.addons.json	DEBUG	Save changes
1475125034981	DeferredSave.addons.json	DEBUG	Starting timer
1475125035103	addons.manager	DEBUG	Starting provider: PreviousExperimentProvider
1475125035103	addons.manager	DEBUG	Registering shutdown blocker for PreviousExperimentProvider
1475125035104	addons.manager	DEBUG	Provider finished startup: PreviousExperimentProvider
1475125035113	DeferredSave.addons.json	DEBUG	Starting write
1475125035123	DeferredSave.extensions.json	DEBUG	Write succeeded
1475125035178	DeferredSave.addons.json	DEBUG	Write succeeded
1475125045874	addons.xpi	DEBUG	Calling bootstrap method shutdown on e10srollout@mozilla.org version 1.1
1475125045876	addons.xpi	DEBUG	Calling bootstrap method shutdown on firefox@getpocket.com version 1.0.4
1475125045877	addons.xpi	DEBUG	Calling bootstrap method shutdown on loop@mozilla.org version 1.4.4
1475125046226	addons.manager	DEBUG	shutdown
1475125046227	addons.manager	DEBUG	Calling shutdown blocker for XPIProvider
1475125046227	addons.xpi	DEBUG	shutdown
1475125046227	addons.xpi-utils	DEBUG	shutdown
1475125046228	addons.manager	DEBUG	Calling shutdown blocker for LightweightThemeManager
1475125046229	addons.manager	DEBUG	Calling shutdown blocker for GMPProvider
1475125046231	addons.manager	DEBUG	Calling shutdown blocker for PluginProvider
1475125046233	addons.manager	DEBUG	Calling shutdown blocker for <unnamed-provider>
1475125046236	addons.manager	DEBUG	Calling shutdown blocker for PreviousExperimentProvider
1475125046240	addons.xpi	DEBUG	Notifying XPI shutdown observers
1475125046247	addons.manager	DEBUG	Async provider shutdown done

Build info: version: '2.53.1', revision: 'a36b8b1', time: '2016-06-30 17:37:03'
System info: host: 'LAPTOP-9B7OC5OL', ip: '192.168.1.138', os.name: 'Windows 10', os.arch: 'amd64', os.version: '10.0', java.version: '1.8.0_91'
Driver info: driver.version: FirefoxDriver
	at org.openqa.selenium.firefox.internal.NewProfileExtensionConnection.start(NewProfileExtensionConnection.java:124)
	at org.openqa.selenium.firefox.FirefoxDriver.startClient(FirefoxDriver.java:271)
	at org.openqa.selenium.remote.RemoteWebDriver.<init>(RemoteWebDriver.java:119)
	at org.openqa.selenium.firefox.FirefoxDriver.<init>(FirefoxDriver.java:218)
	at org.openqa.selenium.firefox.FirefoxDriver.<init>(FirefoxDriver.java:211)
	at org.openqa.selenium.firefox.FirefoxDriver.<init>(FirefoxDriver.java:207)
	at org.openqa.selenium.firefox.FirefoxDriver.<init>(FirefoxDriver.java:120)
	at testNGFiles.GoogleSearchWithDataProvider.Setup(GoogleSearchWithDataProvider.java:20)
	at sun.reflect.NativeMethodAccessorImpl.invoke0(Native Method)
	at sun.reflect.NativeMethodAccessorImpl.invoke(Unknown Source)
	at sun.reflect.DelegatingMethodAccessorImpl.invoke(Unknown Source)
	at java.lang.reflect.Method.invoke(Unknown Source)
	at org.testng.internal.MethodInvocationHelper.invokeMethod(MethodInvocationHelper.java:86)
	at org.testng.internal.Invoker.invokeConfigurationMethod(Invoker.java:515)
	at org.testng.internal.Invoker.invokeConfigurations(Invoker.java:216)
	at org.testng.internal.Invoker.invokeConfigurations(Invoker.java:143)
	at org.testng.SuiteRunner.privateRun(SuiteRunner.java:305)
	at org.testng.SuiteRunner.run(SuiteRunner.java:268)
	at org.testng.SuiteRunnerWorker.runSuite(SuiteRunnerWorker.java:52)
	at org.testng.SuiteRunnerWorker.run(SuiteRunnerWorker.java:86)
	at org.testng.TestNG.runSuitesSequentially(TestNG.java:1225)
	at org.testng.TestNG.runSuitesLocally(TestNG.java:1150)
	at org.testng.TestNG.runSuites(TestNG.java:1075)
	at org.testng.TestNG.run(TestNG.java:1047)
	at org.testng.remote.AbstractRemoteTestNG.run(AbstractRemoteTestNG.java:126)
	at org.testng.remote.RemoteTestNG.initAndRun(RemoteTestNG.java:137)
	at org.testng.remote.RemoteTestNG.main(RemoteTestNG.java:58)
Caused by: org.openqa.selenium.firefox.NotConnectedException: Unable to connect to host 127.0.0.1 on port 7055 after 45000 ms. Firefox console output:
699	addons.xpi	DEBUG	Updating database with changes to installed add-ons
1475125031699	addons.xpi-utils	DEBUG	Updating add-on states
1475125031702	addons.xpi-utils	DEBUG	Writing add-ons list
1475125031717	addons.xpi	DEBUG	Registering manifest for C:\Program Files (x86)\Mozilla Firefox\browser\features\e10srollout@mozilla.org.xpi
1475125031719	addons.xpi	DEBUG	Calling bootstrap method startup on e10srollout@mozilla.org version 1.1
1475125031721	addons.xpi	DEBUG	Registering manifest for C:\Program Files (x86)\Mozilla Firefox\browser\features\firefox@getpocket.com.xpi
1475125031724	addons.xpi	DEBUG	Calling bootstrap method startup on firefox@getpocket.com version 1.0.4
1475125031726	addons.xpi	DEBUG	Registering manifest for C:\Program Files (x86)\Mozilla Firefox\browser\features\loop@mozilla.org.xpi
1475125031728	addons.xpi	DEBUG	Calling bootstrap method startup on loop@mozilla.org version 1.4.4
1475125031810	addons.manager	DEBUG	Registering shutdown blocker for XPIProvider
1475125031812	addons.manager	DEBUG	Provider finished startup: XPIProvider
1475125031812	addons.manager	DEBUG	Starting provider: LightweightThemeManager
1475125031812	addons.manager	DEBUG	Registering shutdown blocker for LightweightThemeManager
1475125031813	addons.manager	DEBUG	Provider finished startup: LightweightThemeManager
1475125031814	addons.manager	DEBUG	Starting provider: GMPProvider
1475125031839	addons.manager	DEBUG	Registering shutdown blocker for GMPProvider
1475125031840	addons.manager	DEBUG	Provider finished startup: GMPProvider
1475125031840	addons.manager	DEBUG	Starting provider: PluginProvider
1475125031840	addons.manager	DEBUG	Registering shutdown blocker for PluginProvider
1475125031842	addons.manager	DEBUG	Provider finished startup: PluginProvider
1475125031843	addons.manager	DEBUG	Completed startup sequence
1475125034322	addons.manager	DEBUG	Starting provider: <unnamed-provider>
1475125034323	addons.manager	DEBUG	Registering shutdown blocker for <unnamed-provider>
1475125034324	addons.manager	DEBUG	Provider finished startup: <unnamed-provider>
1475125034869	DeferredSave.extensions.json	DEBUG	Write succeeded
1475125034870	addons.xpi-utils	DEBUG	XPI Database saved, setting schema version preference to 17
1475125034870	DeferredSave.extensions.json	DEBUG	Starting timer
1475125034925	DeferredSave.extensions.json	DEBUG	Starting write
1475125034977	addons.repository	DEBUG	No addons.json found.
1475125034978	DeferredSave.addons.json	DEBUG	Save changes
1475125034981	DeferredSave.addons.json	DEBUG	Starting timer
1475125035103	addons.manager	DEBUG	Starting provider: PreviousExperimentProvider
1475125035103	addons.manager	DEBUG	Registering shutdown blocker for PreviousExperimentProvider
1475125035104	addons.manager	DEBUG	Provider finished startup: PreviousExperimentProvider
1475125035113	DeferredSave.addons.json	DEBUG	Starting write
1475125035123	DeferredSave.extensions.json	DEBUG	Write succeeded
1475125035178	DeferredSave.addons.json	DEBUG	Write succeeded
1475125045874	addons.xpi	DEBUG	Calling bootstrap method shutdown on e10srollout@mozilla.org version 1.1
1475125045876	addons.xpi	DEBUG	Calling bootstrap method shutdown on firefox@getpocket.com version 1.0.4
1475125045877	addons.xpi	DEBUG	Calling bootstrap method shutdown on loop@mozilla.org version 1.4.4
1475125046226	addons.manager	DEBUG	shutdown
1475125046227	addons.manager	DEBUG	Calling shutdown blocker for XPIProvider
1475125046227	addons.xpi	DEBUG	shutdown
1475125046227	addons.xpi-utils	DEBUG	shutdown
1475125046228	addons.manager	DEBUG	Calling shutdown blocker for LightweightThemeManager
1475125046229	addons.manager	DEBUG	Calling shutdown blocker for GMPProvider
1475125046231	addons.manager	DEBUG	Calling shutdown blocker for PluginProvider
1475125046233	addons.manager	DEBUG	Calling shutdown blocker for <unnamed-provider>
1475125046236	addons.manager	DEBUG	Calling shutdown blocker for PreviousExperimentProvider
1475125046240	addons.xpi	DEBUG	Notifying XPI shutdown observers
1475125046247	addons.manager	DEBUG	Async provider shutdown done

	at org.openqa.selenium.firefox.internal.NewProfileExtensionConnection.start(NewProfileExtensionConnection.java:112)
	... 26 more
]]>
    </error>
  </testcase> <!-- Searchgoogle -->
  <testcase name="Searchgoogle" time="0.000" classname="testNGFiles.GoogleSearchWithDataProvider">
    <error type="org.openqa.selenium.WebDriverException" message="Failed to connect to binary FirefoxBinary(C:\Program Files (x86)\Mozilla Firefox\firefox.exe) on port 7055; process output follows: 
699	addons.xpi	DEBUG	Updating database with changes to installed add-ons
1475125031699	addons.xpi-utils	DEBUG	Updating add-on states
1475125031702	addons.xpi-utils	DEBUG	Writing add-ons list
1475125031717	addons.xpi	DEBUG	Registering manifest for C:\Program Files (x86)\Mozilla Firefox\browser\features\e10srollout@mozilla.org.xpi
1475125031719	addons.xpi	DEBUG	Calling bootstrap method startup on e10srollout@mozilla.org version 1.1
1475125031721	addons.xpi	DEBUG	Registering manifest for C:\Program Files (x86)\Mozilla Firefox\browser\features\firefox@getpocket.com.xpi
1475125031724	addons.xpi	DEBUG	Calling bootstrap method startup on firefox@getpocket.com version 1.0.4
1475125031726	addons.xpi	DEBUG	Registering manifest for C:\Program Files (x86)\Mozilla Firefox\browser\features\loop@mozilla.org.xpi
1475125031728	addons.xpi	DEBUG	Calling bootstrap method startup on loop@mozilla.org version 1.4.4
1475125031810	addons.manager	DEBUG	Registering shutdown blocker for XPIProvider
1475125031812	addons.manager	DEBUG	Provider finished startup: XPIProvider
1475125031812	addons.manager	DEBUG	Starting provider: LightweightThemeManager
1475125031812	addons.manager	DEBUG	Registering shutdown blocker for LightweightThemeManager
1475125031813	addons.manager	DEBUG	Provider finished startup: LightweightThemeManager
1475125031814	addons.manager	DEBUG	Starting provider: GMPProvider
1475125031839	addons.manager	DEBUG	Registering shutdown blocker for GMPProvider
1475125031840	addons.manager	DEBUG	Provider finished startup: GMPProvider
1475125031840	addons.manager	DEBUG	Starting provider: PluginProvider
1475125031840	addons.manager	DEBUG	Registering shutdown blocker for PluginProvider
1475125031842	addons.manager	DEBUG	Provider finished startup: PluginProvider
1475125031843	addons.manager	DEBUG	Completed startup sequence
1475125034322	addons.manager	DEBUG	Starting provider: &lt;unnamed-provider&gt;
1475125034323	addons.manager	DEBUG	Registering shutdown blocker for &lt;unnamed-provider&gt;
1475125034324	addons.manager	DEBUG	Provider finished startup: &lt;unnamed-provider&gt;
1475125034869	DeferredSave.extensions.json	DEBUG	Write succeeded
1475125034870	addons.xpi-utils	DEBUG	XPI Database saved, setting schema version preference to 17
1475125034870	DeferredSave.extensions.json	DEBUG	Starting timer
1475125034925	DeferredSave.extensions.json	DEBUG	Starting write
1475125034977	addons.repository	DEBUG	No addons.json found.
1475125034978	DeferredSave.addons.json	DEBUG	Save changes
1475125034981	DeferredSave.addons.json	DEBUG	Starting timer
1475125035103	addons.manager	DEBUG	Starting provider: PreviousExperimentProvider
1475125035103	addons.manager	DEBUG	Registering shutdown blocker for PreviousExperimentProvider
1475125035104	addons.manager	DEBUG	Provider finished startup: PreviousExperimentProvider
1475125035113	DeferredSave.addons.json	DEBUG	Starting write
1475125035123	DeferredSave.extensions.json	DEBUG	Write succeeded
1475125035178	DeferredSave.addons.json	DEBUG	Write succeeded
1475125045874	addons.xpi	DEBUG	Calling bootstrap method shutdown on e10srollout@mozilla.org version 1.1
1475125045876	addons.xpi	DEBUG	Calling bootstrap method shutdown on firefox@getpocket.com version 1.0.4
1475125045877	addons.xpi	DEBUG	Calling bootstrap method shutdown on loop@mozilla.org version 1.4.4
1475125046226	addons.manager	DEBUG	shutdown
1475125046227	addons.manager	DEBUG	Calling shutdown blocker for XPIProvider
1475125046227	addons.xpi	DEBUG	shutdown
1475125046227	addons.xpi-utils	DEBUG	shutdown
1475125046228	addons.manager	DEBUG	Calling shutdown blocker for LightweightThemeManager
1475125046229	addons.manager	DEBUG	Calling shutdown blocker for GMPProvider
1475125046231	addons.manager	DEBUG	Calling shutdown blocker for PluginProvider
1475125046233	addons.manager	DEBUG	Calling shutdown blocker for &lt;unnamed-provider&gt;
1475125046236	addons.manager	DEBUG	Calling shutdown blocker for PreviousExperimentProvider
1475125046240	addons.xpi	DEBUG	Notifying XPI shutdown observers
1475125046247	addons.manager	DEBUG	Async provider shutdown done

Build info: version: &#039;2.53.1&#039;, revision: &#039;a36b8b1&#039;, time: &#039;2016-06-30 17:37:03&#039;
System info: host: &#039;LAPTOP-9B7OC5OL&#039;, ip: &#039;192.168.1.138&#039;, os.name: &#039;Windows 10&#039;, os.arch: &#039;amd64&#039;, os.version: &#039;10.0&#039;, java.version: &#039;1.8.0_91&#039;
Driver info: driver.version: FirefoxDriver">
      <![CDATA[org.openqa.selenium.WebDriverException: Failed to connect to binary FirefoxBinary(C:\Program Files (x86)\Mozilla Firefox\firefox.exe) on port 7055; process output follows: 
699	addons.xpi	DEBUG	Updating database with changes to installed add-ons
1475125031699	addons.xpi-utils	DEBUG	Updating add-on states
1475125031702	addons.xpi-utils	DEBUG	Writing add-ons list
1475125031717	addons.xpi	DEBUG	Registering manifest for C:\Program Files (x86)\Mozilla Firefox\browser\features\e10srollout@mozilla.org.xpi
1475125031719	addons.xpi	DEBUG	Calling bootstrap method startup on e10srollout@mozilla.org version 1.1
1475125031721	addons.xpi	DEBUG	Registering manifest for C:\Program Files (x86)\Mozilla Firefox\browser\features\firefox@getpocket.com.xpi
1475125031724	addons.xpi	DEBUG	Calling bootstrap method startup on firefox@getpocket.com version 1.0.4
1475125031726	addons.xpi	DEBUG	Registering manifest for C:\Program Files (x86)\Mozilla Firefox\browser\features\loop@mozilla.org.xpi
1475125031728	addons.xpi	DEBUG	Calling bootstrap method startup on loop@mozilla.org version 1.4.4
1475125031810	addons.manager	DEBUG	Registering shutdown blocker for XPIProvider
1475125031812	addons.manager	DEBUG	Provider finished startup: XPIProvider
1475125031812	addons.manager	DEBUG	Starting provider: LightweightThemeManager
1475125031812	addons.manager	DEBUG	Registering shutdown blocker for LightweightThemeManager
1475125031813	addons.manager	DEBUG	Provider finished startup: LightweightThemeManager
1475125031814	addons.manager	DEBUG	Starting provider: GMPProvider
1475125031839	addons.manager	DEBUG	Registering shutdown blocker for GMPProvider
1475125031840	addons.manager	DEBUG	Provider finished startup: GMPProvider
1475125031840	addons.manager	DEBUG	Starting provider: PluginProvider
1475125031840	addons.manager	DEBUG	Registering shutdown blocker for PluginProvider
1475125031842	addons.manager	DEBUG	Provider finished startup: PluginProvider
1475125031843	addons.manager	DEBUG	Completed startup sequence
1475125034322	addons.manager	DEBUG	Starting provider: <unnamed-provider>
1475125034323	addons.manager	DEBUG	Registering shutdown blocker for <unnamed-provider>
1475125034324	addons.manager	DEBUG	Provider finished startup: <unnamed-provider>
1475125034869	DeferredSave.extensions.json	DEBUG	Write succeeded
1475125034870	addons.xpi-utils	DEBUG	XPI Database saved, setting schema version preference to 17
1475125034870	DeferredSave.extensions.json	DEBUG	Starting timer
1475125034925	DeferredSave.extensions.json	DEBUG	Starting write
1475125034977	addons.repository	DEBUG	No addons.json found.
1475125034978	DeferredSave.addons.json	DEBUG	Save changes
1475125034981	DeferredSave.addons.json	DEBUG	Starting timer
1475125035103	addons.manager	DEBUG	Starting provider: PreviousExperimentProvider
1475125035103	addons.manager	DEBUG	Registering shutdown blocker for PreviousExperimentProvider
1475125035104	addons.manager	DEBUG	Provider finished startup: PreviousExperimentProvider
1475125035113	DeferredSave.addons.json	DEBUG	Starting write
1475125035123	DeferredSave.extensions.json	DEBUG	Write succeeded
1475125035178	DeferredSave.addons.json	DEBUG	Write succeeded
1475125045874	addons.xpi	DEBUG	Calling bootstrap method shutdown on e10srollout@mozilla.org version 1.1
1475125045876	addons.xpi	DEBUG	Calling bootstrap method shutdown on firefox@getpocket.com version 1.0.4
1475125045877	addons.xpi	DEBUG	Calling bootstrap method shutdown on loop@mozilla.org version 1.4.4
1475125046226	addons.manager	DEBUG	shutdown
1475125046227	addons.manager	DEBUG	Calling shutdown blocker for XPIProvider
1475125046227	addons.xpi	DEBUG	shutdown
1475125046227	addons.xpi-utils	DEBUG	shutdown
1475125046228	addons.manager	DEBUG	Calling shutdown blocker for LightweightThemeManager
1475125046229	addons.manager	DEBUG	Calling shutdown blocker for GMPProvider
1475125046231	addons.manager	DEBUG	Calling shutdown blocker for PluginProvider
1475125046233	addons.manager	DEBUG	Calling shutdown blocker for <unnamed-provider>
1475125046236	addons.manager	DEBUG	Calling shutdown blocker for PreviousExperimentProvider
1475125046240	addons.xpi	DEBUG	Notifying XPI shutdown observers
1475125046247	addons.manager	DEBUG	Async provider shutdown done

Build info: version: '2.53.1', revision: 'a36b8b1', time: '2016-06-30 17:37:03'
System info: host: 'LAPTOP-9B7OC5OL', ip: '192.168.1.138', os.name: 'Windows 10', os.arch: 'amd64', os.version: '10.0', java.version: '1.8.0_91'
Driver info: driver.version: FirefoxDriver
	at org.openqa.selenium.firefox.internal.NewProfileExtensionConnection.start(NewProfileExtensionConnection.java:124)
	at org.openqa.selenium.firefox.FirefoxDriver.startClient(FirefoxDriver.java:271)
	at org.openqa.selenium.remote.RemoteWebDriver.<init>(RemoteWebDriver.java:119)
	at org.openqa.selenium.firefox.FirefoxDriver.<init>(FirefoxDriver.java:218)
	at org.openqa.selenium.firefox.FirefoxDriver.<init>(FirefoxDriver.java:211)
	at org.openqa.selenium.firefox.FirefoxDriver.<init>(FirefoxDriver.java:207)
	at org.openqa.selenium.firefox.FirefoxDriver.<init>(FirefoxDriver.java:120)
	at testNGFiles.GoogleSearchWithDataProvider.Setup(GoogleSearchWithDataProvider.java:20)
	at sun.reflect.NativeMethodAccessorImpl.invoke0(Native Method)
	at sun.reflect.NativeMethodAccessorImpl.invoke(Unknown Source)
	at sun.reflect.DelegatingMethodAccessorImpl.invoke(Unknown Source)
	at java.lang.reflect.Method.invoke(Unknown Source)
	at org.testng.internal.MethodInvocationHelper.invokeMethod(MethodInvocationHelper.java:86)
	at org.testng.internal.Invoker.invokeConfigurationMethod(Invoker.java:515)
	at org.testng.internal.Invoker.invokeConfigurations(Invoker.java:216)
	at org.testng.internal.Invoker.invokeConfigurations(Invoker.java:143)
	at org.testng.SuiteRunner.privateRun(SuiteRunner.java:305)
	at org.testng.SuiteRunner.run(SuiteRunner.java:268)
	at org.testng.SuiteRunnerWorker.runSuite(SuiteRunnerWorker.java:52)
	at org.testng.SuiteRunnerWorker.run(SuiteRunnerWorker.java:86)
	at org.testng.TestNG.runSuitesSequentially(TestNG.java:1225)
	at org.testng.TestNG.runSuitesLocally(TestNG.java:1150)
	at org.testng.TestNG.runSuites(TestNG.java:1075)
	at org.testng.TestNG.run(TestNG.java:1047)
	at org.testng.remote.AbstractRemoteTestNG.run(AbstractRemoteTestNG.java:126)
	at org.testng.remote.RemoteTestNG.initAndRun(RemoteTestNG.java:137)
	at org.testng.remote.RemoteTestNG.main(RemoteTestNG.java:58)
Caused by: org.openqa.selenium.firefox.NotConnectedException: Unable to connect to host 127.0.0.1 on port 7055 after 45000 ms. Firefox console output:
699	addons.xpi	DEBUG	Updating database with changes to installed add-ons
1475125031699	addons.xpi-utils	DEBUG	Updating add-on states
1475125031702	addons.xpi-utils	DEBUG	Writing add-ons list
1475125031717	addons.xpi	DEBUG	Registering manifest for C:\Program Files (x86)\Mozilla Firefox\browser\features\e10srollout@mozilla.org.xpi
1475125031719	addons.xpi	DEBUG	Calling bootstrap method startup on e10srollout@mozilla.org version 1.1
1475125031721	addons.xpi	DEBUG	Registering manifest for C:\Program Files (x86)\Mozilla Firefox\browser\features\firefox@getpocket.com.xpi
1475125031724	addons.xpi	DEBUG	Calling bootstrap method startup on firefox@getpocket.com version 1.0.4
1475125031726	addons.xpi	DEBUG	Registering manifest for C:\Program Files (x86)\Mozilla Firefox\browser\features\loop@mozilla.org.xpi
1475125031728	addons.xpi	DEBUG	Calling bootstrap method startup on loop@mozilla.org version 1.4.4
1475125031810	addons.manager	DEBUG	Registering shutdown blocker for XPIProvider
1475125031812	addons.manager	DEBUG	Provider finished startup: XPIProvider
1475125031812	addons.manager	DEBUG	Starting provider: LightweightThemeManager
1475125031812	addons.manager	DEBUG	Registering shutdown blocker for LightweightThemeManager
1475125031813	addons.manager	DEBUG	Provider finished startup: LightweightThemeManager
1475125031814	addons.manager	DEBUG	Starting provider: GMPProvider
1475125031839	addons.manager	DEBUG	Registering shutdown blocker for GMPProvider
1475125031840	addons.manager	DEBUG	Provider finished startup: GMPProvider
1475125031840	addons.manager	DEBUG	Starting provider: PluginProvider
1475125031840	addons.manager	DEBUG	Registering shutdown blocker for PluginProvider
1475125031842	addons.manager	DEBUG	Provider finished startup: PluginProvider
1475125031843	addons.manager	DEBUG	Completed startup sequence
1475125034322	addons.manager	DEBUG	Starting provider: <unnamed-provider>
1475125034323	addons.manager	DEBUG	Registering shutdown blocker for <unnamed-provider>
1475125034324	addons.manager	DEBUG	Provider finished startup: <unnamed-provider>
1475125034869	DeferredSave.extensions.json	DEBUG	Write succeeded
1475125034870	addons.xpi-utils	DEBUG	XPI Database saved, setting schema version preference to 17
1475125034870	DeferredSave.extensions.json	DEBUG	Starting timer
1475125034925	DeferredSave.extensions.json	DEBUG	Starting write
1475125034977	addons.repository	DEBUG	No addons.json found.
1475125034978	DeferredSave.addons.json	DEBUG	Save changes
1475125034981	DeferredSave.addons.json	DEBUG	Starting timer
1475125035103	addons.manager	DEBUG	Starting provider: PreviousExperimentProvider
1475125035103	addons.manager	DEBUG	Registering shutdown blocker for PreviousExperimentProvider
1475125035104	addons.manager	DEBUG	Provider finished startup: PreviousExperimentProvider
1475125035113	DeferredSave.addons.json	DEBUG	Starting write
1475125035123	DeferredSave.extensions.json	DEBUG	Write succeeded
1475125035178	DeferredSave.addons.json	DEBUG	Write succeeded
1475125045874	addons.xpi	DEBUG	Calling bootstrap method shutdown on e10srollout@mozilla.org version 1.1
1475125045876	addons.xpi	DEBUG	Calling bootstrap method shutdown on firefox@getpocket.com version 1.0.4
1475125045877	addons.xpi	DEBUG	Calling bootstrap method shutdown on loop@mozilla.org version 1.4.4
1475125046226	addons.manager	DEBUG	shutdown
1475125046227	addons.manager	DEBUG	Calling shutdown blocker for XPIProvider
1475125046227	addons.xpi	DEBUG	shutdown
1475125046227	addons.xpi-utils	DEBUG	shutdown
1475125046228	addons.manager	DEBUG	Calling shutdown blocker for LightweightThemeManager
1475125046229	addons.manager	DEBUG	Calling shutdown blocker for GMPProvider
1475125046231	addons.manager	DEBUG	Calling shutdown blocker for PluginProvider
1475125046233	addons.manager	DEBUG	Calling shutdown blocker for <unnamed-provider>
1475125046236	addons.manager	DEBUG	Calling shutdown blocker for PreviousExperimentProvider
1475125046240	addons.xpi	DEBUG	Notifying XPI shutdown observers
1475125046247	addons.manager	DEBUG	Async provider shutdown done

	at org.openqa.selenium.firefox.internal.NewProfileExtensionConnection.start(NewProfileExtensionConnection.java:112)
	... 26 more
]]>
    </error>
  </testcase> <!-- Searchgoogle -->
</testsuite> <!-- testNGFiles.GoogleSearchWithDataProvider -->
