<?xml version="1.0" encoding="UTF-8"?>
<!-- Generated by org.testng.reporters.JUnitReportReporter -->
<testsuite hostname="LAPTOP-9B7OC5OL" name="testNGFiles.DataParaGoogle" tests="1" failures="0" timestamp="23 Aug 2016 18:30:32 GMT" time="3.841" errors="0">
  <testcase name="searchKey" time="3.841" classname="testNGFiles.DataParaGoogle"/>
</testsuite> <!-- testNGFiles.DataParaGoogle -->
