<?xml version="1.0" encoding="UTF-8"?>
<!-- Generated by org.testng.reporters.JUnitReportReporter -->
<testsuite hostname="LAPTOP-9B7OC5OL" name="testNGFiles.PracticeTestNG" tests="3" failures="0" timestamp="22 Aug 2016 21:16:51 GMT" time="0.011" errors="0">
  <testcase name="getNoOfCookies" time="0.002" classname="testNGFiles.PracticeTestNG"/>
  <testcase name="deleteUsers" time="0.004" classname="testNGFiles.PracticeTestNG"/>
  <testcase name="getLoginDetails" time="0.005" classname="testNGFiles.PracticeTestNG"/>
</testsuite> <!-- testNGFiles.PracticeTestNG -->
